c:\users\kweku\documents\d012120g\third year\raytracer\assignment\raytracerframework - 16012120\raytracerframework\raytracersmall\debug\vc141.pdb
c:\users\kweku\documents\d012120g\third year\raytracer\assignment\raytracerframework - 16012120\raytracerframework\raytracersmall\debug\vc141.idb
c:\users\kweku\documents\d012120g\third year\raytracer\assignment\raytracerframework - 16012120\raytracerframework\raytracersmall\debug\raytracer.obj
c:\users\kweku\documents\d012120g\third year\raytracer\assignment\raytracerframework - 16012120\raytracerframework\raytracersmall\debug\memorystructures.obj
c:\users\kweku\documents\d012120g\third year\raytracer\assignment\raytracerframework - 16012120\raytracerframework\raytracersmall\debug\heapfactory.obj
c:\users\kweku\documents\d012120g\third year\raytracer\assignment\raytracerframework - 16012120\raytracerframework\raytracersmall\debug\main.obj
c:\users\kweku\documents\d012120g\third year\raytracer\assignment\raytracerframework - 16012120\raytracerframework\raytracersmall\debug\heap.obj
c:\users\kweku\documents\d012120g\third year\raytracer\assignment\raytracerframework - 16012120\raytracerframework\raytracersmall\debug\vec3.obj
c:\users\kweku\documents\d012120g\third year\raytracer\assignment\raytracerframework - 16012120\raytracerframework\raytracersmall\debug\sphere.obj
c:\users\kweku\documents\d012120g\third year\raytracer\assignment\raytracerframework - 16012120\raytracerframework\raytracersmall\debug\renderer.obj
c:\users\kweku\documents\d012120g\third year\raytracer\assignment\raytracerframework - 16012120\raytracerframework\raytracersmall\debug\memorypool.obj
c:\users\d012120g\documents\raytracer\assignment\raytracerframework - 16012120\raytracerframework\debug\raytracersmall.exe
c:\users\d012120g\documents\raytracer\assignment\raytracerframework - 16012120\raytracerframework\debug\raytracersmall.ilk
c:\users\d012120g\documents\raytracer\assignment\raytracerframework - 16012120\raytracerframework\debug\raytracersmall.pdb
c:\users\kweku\documents\d012120g\third year\raytracer\assignment\raytracerframework - 16012120\raytracerframework\debug\raytracersmall.exe
c:\users\kweku\documents\d012120g\third year\raytracer\assignment\raytracerframework - 16012120\raytracerframework\debug\raytracersmall.ilk
c:\users\kweku\documents\d012120g\third year\raytracer\assignment\raytracerframework - 16012120\raytracerframework\debug\raytracersmall.pdb
c:\users\kweku\documents\d012120g\third year\raytracer\assignment\raytracerframework - 16012120\raytracerframework\raytracersmall\debug\main.obj.enc
c:\users\kweku\documents\d012120g\third year\raytracer\assignment\raytracerframework - 16012120\raytracerframework\raytracersmall\debug\renderer.obj.enc
c:\users\kweku\documents\d012120g\third year\raytracer\assignment\raytracerframework - 16012120\raytracerframework\raytracersmall\debug\vc140.idb
c:\users\kweku\documents\d012120g\third year\raytracer\assignment\raytracerframework - 16012120\raytracerframework\raytracersmall\debug\vc140.pdb
c:\users\kweku\documents\d012120g\third year\raytracer\assignment\raytracerframework - 16012120\raytracerframework\raytracersmall\debug\raytracersmall.tlog\cl.command.1.tlog
c:\users\kweku\documents\d012120g\third year\raytracer\assignment\raytracerframework - 16012120\raytracerframework\raytracersmall\debug\raytracersmall.tlog\cl.read.1.tlog
c:\users\kweku\documents\d012120g\third year\raytracer\assignment\raytracerframework - 16012120\raytracerframework\raytracersmall\debug\raytracersmall.tlog\cl.write.1.tlog
c:\users\kweku\documents\d012120g\third year\raytracer\assignment\raytracerframework - 16012120\raytracerframework\raytracersmall\debug\raytracersmall.tlog\link.command.1.tlog
c:\users\kweku\documents\d012120g\third year\raytracer\assignment\raytracerframework - 16012120\raytracerframework\raytracersmall\debug\raytracersmall.tlog\link.delete.1.tlog
c:\users\kweku\documents\d012120g\third year\raytracer\assignment\raytracerframework - 16012120\raytracerframework\raytracersmall\debug\raytracersmall.tlog\link.read.1.tlog
c:\users\kweku\documents\d012120g\third year\raytracer\assignment\raytracerframework - 16012120\raytracerframework\raytracersmall\debug\raytracersmall.tlog\link.write.1.tlog
